<?xml version="1.0" encoding="UTF-8"?>
<robot generator="Robot 6.1.1 (Python 3.11.4 on win32)" generated="20230730 07:48:42.013" rpa="false" schemaversion="4">
<suite id="s1" name="Inputbox" source="C:\nancyProject\Testcases\inputbox.robot">
<test id="s1-t1" name="nav" line="9">
<kw name="Open Browser" library="SeleniumLibrary">
<arg>${url}</arg>
<arg>${browser}</arg>
<doc>Opens a new browser instance to the optional ``url``.</doc>
<msg timestamp="20230730 07:48:42.270" level="INFO">Opening browser 'chrome' to base url 'https://demo.nopcommerce.com'.</msg>
<status status="PASS" starttime="20230730 07:48:42.270" endtime="20230730 07:48:44.954"/>
</kw>
<kw name="Maximize Browser Window" library="SeleniumLibrary">
<doc>Maximizes current browser window.</doc>
<status status="PASS" starttime="20230730 07:48:44.954" endtime="20230730 07:48:45.080"/>
</kw>
<kw name="Title Should Be" library="SeleniumLibrary">
<arg>nopCommerce demo store</arg>
<doc>Verifies that the current page title equals ``title``.</doc>
<msg timestamp="20230730 07:48:45.087" level="INFO">Page title is 'nopCommerce demo store'.</msg>
<status status="PASS" starttime="20230730 07:48:45.080" endtime="20230730 07:48:45.087"/>
</kw>
<kw name="Click Link" library="SeleniumLibrary">
<arg>xpath:/html/body/div[6]/div[1]/div[1]/div[2]/div[1]/ul/li[2]/a</arg>
<doc>Clicks a link identified by ``locator``.</doc>
<msg timestamp="20230730 07:48:45.087" level="INFO">Clicking link 'xpath:/html/body/div[6]/div[1]/div[1]/div[2]/div[1]/ul/li[2]/a'.</msg>
<status status="PASS" starttime="20230730 07:48:45.087" endtime="20230730 07:48:45.748"/>
</kw>
<kw name="Set Variable" library="BuiltIn">
<var>${"email_txt"}</var>
<arg>id:Email</arg>
<doc>Returns the given values which can then be assigned to a variables.</doc>
<msg timestamp="20230730 07:48:45.752" level="INFO">${"email_txt"} = id:Email</msg>
<status status="PASS" starttime="20230730 07:48:45.752" endtime="20230730 07:48:45.752"/>
</kw>
<kw name="Element Should Be Visible" library="SeleniumLibrary">
<arg>${"email_txt"}</arg>
<doc>Verifies that the element identified by ``locator`` is visible.</doc>
<msg timestamp="20230730 07:48:45.780" level="INFO">Element 'id:Email' is displayed.</msg>
<status status="PASS" starttime="20230730 07:48:45.752" endtime="20230730 07:48:45.780"/>
</kw>
<kw name="Element Should Be Enabled" library="SeleniumLibrary">
<arg>${"email_txt"}</arg>
<doc>Verifies that element identified by ``locator`` is enabled.</doc>
<status status="PASS" starttime="20230730 07:48:45.781" endtime="20230730 07:48:45.819"/>
</kw>
<kw name="Input Text" library="SeleniumLibrary">
<arg>${"email_txt"}</arg>
<arg>abc@gmail.com</arg>
<doc>Types the given ``text`` into the text field identified by ``locator``.</doc>
<msg timestamp="20230730 07:48:45.820" level="INFO">Typing text 'abc@gmail.com' into text field 'id:Email'.</msg>
<status status="PASS" starttime="20230730 07:48:45.820" endtime="20230730 07:48:45.926"/>
</kw>
<kw name="Sleep" library="BuiltIn">
<arg>10</arg>
<doc>Pauses the test executed for the given time.</doc>
<msg timestamp="20230730 07:48:55.926" level="INFO">Slept 10 seconds</msg>
<status status="PASS" starttime="20230730 07:48:45.926" endtime="20230730 07:48:55.926"/>
</kw>
<kw name="Clear Element Text" library="SeleniumLibrary">
<arg>${"email_txt"}</arg>
<doc>Clears the value of the text-input-element identified by ``locator``.</doc>
<status status="PASS" starttime="20230730 07:48:55.926" endtime="20230730 07:48:56.023"/>
</kw>
<kw name="Sleep" library="BuiltIn">
<arg>10</arg>
<doc>Pauses the test executed for the given time.</doc>
<msg timestamp="20230730 07:49:06.023" level="INFO">Slept 10 seconds</msg>
<status status="PASS" starttime="20230730 07:48:56.023" endtime="20230730 07:49:06.023"/>
</kw>
<kw name="Close Browser" library="SeleniumLibrary">
<doc>Closes the current browser.</doc>
<status status="PASS" starttime="20230730 07:49:06.023" endtime="20230730 07:49:08.198"/>
</kw>
<status status="PASS" starttime="20230730 07:48:42.270" endtime="20230730 07:49:08.198"/>
</test>
<status status="PASS" starttime="20230730 07:48:42.014" endtime="20230730 07:49:08.201"/>
</suite>
<statistics>
<total>
<stat pass="1" fail="0" skip="0">All Tests</stat>
</total>
<tag>
</tag>
<suite>
<stat pass="1" fail="0" skip="0" id="s1" name="Inputbox">Inputbox</stat>
</suite>
</statistics>
<errors>
<msg timestamp="20230730 07:48:42.264" level="ERROR">Error in file 'C:\nancyProject\Testcases\inputbox.robot' on line 3: Importing library 'Seleniums' failed: ModuleNotFoundError: No module named 'Seleniums'
Traceback (most recent call last):
  None
PYTHONPATH:
  C:\nancyProject\Testcases
  C:\Program Files\Python311\python311.zip
  C:\Program Files\Python311\DLLs
  C:\Program Files\Python311\Lib
  C:\Program Files\Python311
  C:\Users\navjo\AppData\Roaming\Python\Python311\site-packages
  C:\Program Files\Python311\Lib\site-packages</msg>
</errors>
</robot>
